Performing C SOURCE FILE Test CMAKE_HAVE_LIBC_PTHREAD failed with the following output:
Change Dir: /Users/stasikiarikov/AndroidStudioProjects/fclient/libs/mbedtls/build/arm64-v8a/CMakeFiles/CMakeTmp

Run Build Command(s):/usr/bin/make -f Makefile cmTC_1485e/fast && /Library/Developer/CommandLineTools/usr/bin/make  -f CMakeFiles/cmTC_1485e.dir/build.make CMakeFiles/cmTC_1485e.dir/build
Building C object CMakeFiles/cmTC_1485e.dir/src.c.o
/Users/stasikiarikov/Library/Android/sdk/ndk/26.2.11394342/toolchains/llvm/prebuilt/darwin-x86_64/bin/clang --target=aarch64-none-linux-android21 --sysroot=/Users/stasikiarikov/Library/Android/sdk/ndk/26.2.11394342/toolchains/llvm/prebuilt/darwin-x86_64/sysroot -DCMAKE_HAVE_LIBC_PTHREAD  -g -DANDROID -fdata-sections -ffunction-sections -funwind-tables -fstack-protector-strong -no-canonical-prefixes -D_FORTIFY_SOURCE=2 -Wformat -Werror=format-security   -fPIE -MD -MT CMakeFiles/cmTC_1485e.dir/src.c.o -MF CMakeFiles/cmTC_1485e.dir/src.c.o.d -o CMakeFiles/cmTC_1485e.dir/src.c.o -c /Users/stasikiarikov/AndroidStudioProjects/fclient/libs/mbedtls/build/arm64-v8a/CMakeFiles/CMakeTmp/src.c
/Users/stasikiarikov/AndroidStudioProjects/fclient/libs/mbedtls/build/arm64-v8a/CMakeFiles/CMakeTmp/src.c:13:3: error: call to undeclared function 'pthread_cancel'; ISO C99 and later do not support implicit function declarations [-Wimplicit-function-declaration]
  pthread_cancel(thread);
  ^
/Users/stasikiarikov/AndroidStudioProjects/fclient/libs/mbedtls/build/arm64-v8a/CMakeFiles/CMakeTmp/src.c:13:3: note: did you mean 'pthread_once'?
/Users/stasikiarikov/Library/Android/sdk/ndk/26.2.11394342/toolchains/llvm/prebuilt/darwin-x86_64/sysroot/usr/include/pthread.h:258:5: note: 'pthread_once' declared here
int pthread_once(pthread_once_t* _Nonnull __once, void (* _Nonnull __init_routine)(void));
    ^
1 error generated.
make[1]: *** [CMakeFiles/cmTC_1485e.dir/src.c.o] Error 1
make: *** [cmTC_1485e/fast] Error 2


Source file was:
#include <pthread.h>

static void* test_func(void* data)
{
  return data;
}

int main(void)
{
  pthread_t thread;
  pthread_create(&thread, NULL, test_func, NULL);
  pthread_detach(thread);
  pthread_cancel(thread);
  pthread_join(thread, NULL);
  pthread_atfork(NULL, NULL, NULL);
  pthread_exit(NULL);

  return 0;
}

