The target system is: Android - 1 - aarch64
The host system is: Darwin - 22.5.0 - arm64
Compiling the C compiler identification source file "CMakeCCompilerId.c" succeeded.
Compiler: /Users/stasikiarikov/Library/Android/sdk/ndk/26.2.11394342/toolchains/llvm/prebuilt/darwin-x86_64/bin/clang 
Build flags: -g;-DANDROID;-fdata-sections;-ffunction-sections;-funwind-tables;-fstack-protector-strong;-no-canonical-prefixes;-D_FORTIFY_SOURCE=2;-Wformat;-Werror=format-security;
Id flags: -c;--target=aarch64-none-linux-android21 

The output was:
0


Compilation of the C compiler identification source "CMakeCCompilerId.c" produced "CMakeCCompilerId.o"

The C compiler identification is Clang, found in "/Users/stasikiarikov/AndroidStudioProjects/fclient/libs/mbedtls/build/arm64-v8a/CMakeFiles/3.22.1-g37088a8/CompilerIdC/CMakeCCompilerId.o"

Detecting C compiler ABI info compiled with the following output:
Change Dir: /Users/stasikiarikov/AndroidStudioProjects/fclient/libs/mbedtls/build/arm64-v8a/CMakeFiles/CMakeTmp

Run Build Command(s):/usr/bin/make -f Makefile cmTC_73d38/fast && /Library/Developer/CommandLineTools/usr/bin/make  -f CMakeFiles/cmTC_73d38.dir/build.make CMakeFiles/cmTC_73d38.dir/build
Building C object CMakeFiles/cmTC_73d38.dir/CMakeCCompilerABI.c.o
/Users/stasikiarikov/Library/Android/sdk/ndk/26.2.11394342/toolchains/llvm/prebuilt/darwin-x86_64/bin/clang --target=aarch64-none-linux-android21 --sysroot=/Users/stasikiarikov/Library/Android/sdk/ndk/26.2.11394342/toolchains/llvm/prebuilt/darwin-x86_64/sysroot   -g -DANDROID -fdata-sections -ffunction-sections -funwind-tables -fstack-protector-strong -no-canonical-prefixes -D_FORTIFY_SOURCE=2 -Wformat   -fPIE   -v -MD -MT CMakeFiles/cmTC_73d38.dir/CMakeCCompilerABI.c.o -MF CMakeFiles/cmTC_73d38.dir/CMakeCCompilerABI.c.o.d -o CMakeFiles/cmTC_73d38.dir/CMakeCCompilerABI.c.o -c /Users/stasikiarikov/Library/Android/sdk/cmake/3.22.1/share/cmake-3.22/Modules/CMakeCCompilerABI.c
Android (11349228, +pgo, +bolt, +lto, -mlgo, based on r487747e) clang version 17.0.2 (https://android.googlesource.com/toolchain/llvm-project d9f89f4d16663d5012e5c09495f3b30ece3d2362)
Target: aarch64-none-linux-android21
Thread model: posix
InstalledDir: /Users/stasikiarikov/Library/Android/sdk/ndk/26.2.11394342/toolchains/llvm/prebuilt/darwin-x86_64/bin
 (in-process)
 "/Users/stasikiarikov/Library/Android/sdk/ndk/26.2.11394342/toolchains/llvm/prebuilt/darwin-x86_64/bin/clang" -cc1 -triple aarch64-none-linux-android21 -emit-obj -mrelax-all -disable-free -clear-ast-before-backend -disable-llvm-verifier -discard-value-names -main-file-name CMakeCCompilerABI.c -mrelocation-model pic -pic-level 2 -pic-is-pie -mframe-pointer=non-leaf -ffp-contract=on -fno-rounding-math -mconstructor-aliases -funwind-tables=2 -target-cpu generic -target-feature +neon -target-feature +v8a -target-feature +fix-cortex-a53-835769 -target-abi aapcs -mllvm -treat-scalable-fixed-error-as-warning -debug-info-kind=constructor -dwarf-version=4 -debugger-tuning=gdb -v -ffunction-sections -fdata-sections -fcoverage-compilation-dir=/Users/stasikiarikov/AndroidStudioProjects/fclient/libs/mbedtls/build/arm64-v8a/CMakeFiles/CMakeTmp -resource-dir /Users/stasikiarikov/Library/Android/sdk/ndk/26.2.11394342/toolchains/llvm/prebuilt/darwin-x86_64/lib/clang/17 -dependency-file CMakeFiles/cmTC_73d38.dir/CMakeCCompilerABI.c.o.d -MT CMakeFiles/cmTC_73d38.dir/CMakeCCompilerABI.c.o -sys-header-deps -D ANDROID -D _FORTIFY_SOURCE=2 -isysroot /Users/stasikiarikov/Library/Android/sdk/ndk/26.2.11394342/toolchains/llvm/prebuilt/darwin-x86_64/sysroot -internal-isystem /Users/stasikiarikov/Library/Android/sdk/ndk/26.2.11394342/toolchains/llvm/prebuilt/darwin-x86_64/lib/clang/17/include -internal-isystem /Users/stasikiarikov/Library/Android/sdk/ndk/26.2.11394342/toolchains/llvm/prebuilt/darwin-x86_64/sysroot/usr/local/include -internal-externc-isystem /Users/stasikiarikov/Library/Android/sdk/ndk/26.2.11394342/toolchains/llvm/prebuilt/darwin-x86_64/sysroot/usr/include/aarch64-linux-android -internal-externc-isystem /Users/stasikiarikov/Library/Android/sdk/ndk/26.2.11394342/toolchains/llvm/prebuilt/darwin-x86_64/sysroot/include -internal-externc-isystem /Users/stasikiarikov/Library/Android/sdk/ndk/26.2.11394342/toolchains/llvm/prebuilt/darwin-x86_64/sysroot/usr/include -Wformat -fdebug-compilation-dir=/Users/stasikiarikov/AndroidStudioProjects/fclient/libs/mbedtls/build/arm64-v8a/CMakeFiles/CMakeTmp -ferror-limit 19 -stack-protector 2 -fno-signed-char -fgnuc-version=4.2.1 -target-feature +outline-atomics -D__GCC_HAVE_DWARF2_CFI_ASM=1 -o CMakeFiles/cmTC_73d38.dir/CMakeCCompilerABI.c.o -x c /Users/stasikiarikov/Library/Android/sdk/cmake/3.22.1/share/cmake-3.22/Modules/CMakeCCompilerABI.c
clang -cc1 version 17.0.2 based upon LLVM 17.0.2 default target x86_64-apple-darwin22.5.0
ignoring nonexistent directory "/Users/stasikiarikov/Library/Android/sdk/ndk/26.2.11394342/toolchains/llvm/prebuilt/darwin-x86_64/sysroot/usr/local/include"
ignoring nonexistent directory "/Users/stasikiarikov/Library/Android/sdk/ndk/26.2.11394342/toolchains/llvm/prebuilt/darwin-x86_64/sysroot/include"
#include "..." search starts here:
#include <...> search starts here:
 /Users/stasikiarikov/Library/Android/sdk/ndk/26.2.11394342/toolchains/llvm/prebuilt/darwin-x86_64/lib/clang/17/include
 /Users/stasikiarikov/Library/Android/sdk/ndk/26.2.11394342/toolchains/llvm/prebuilt/darwin-x86_64/sysroot/usr/include/aarch64-linux-android
 /Users/stasikiarikov/Library/Android/sdk/ndk/26.2.11394342/toolchains/llvm/prebuilt/darwin-x86_64/sysroot/usr/include
End of search list.
Linking C executable cmTC_73d38
/Users/stasikiarikov/Library/Android/sdk/cmake/3.22.1/bin/cmake -E cmake_link_script CMakeFiles/cmTC_73d38.dir/link.txt --verbose=1
/Users/stasikiarikov/Library/Android/sdk/ndk/26.2.11394342/toolchains/llvm/prebuilt/darwin-x86_64/bin/clang --target=aarch64-none-linux-android21 --sysroot=/Users/stasikiarikov/Library/Android/sdk/ndk/26.2.11394342/toolchains/llvm/prebuilt/darwin-x86_64/sysroot -g -DANDROID -fdata-sections -ffunction-sections -funwind-tables -fstack-protector-strong -no-canonical-prefixes -D_FORTIFY_SOURCE=2 -Wformat   -static-libstdc++ -Wl,--build-id=sha1 -Wl,--no-rosegment -Wl,--no-undefined-version -Wl,--fatal-warnings -Wl,--no-undefined -Qunused-arguments   -v CMakeFiles/cmTC_73d38.dir/CMakeCCompilerABI.c.o -o cmTC_73d38 
Android (11349228, +pgo, +bolt, +lto, -mlgo, based on r487747e) clang version 17.0.2 (https://android.googlesource.com/toolchain/llvm-project d9f89f4d16663d5012e5c09495f3b30ece3d2362)
Target: aarch64-none-linux-android21
Thread model: posix
InstalledDir: /Users/stasikiarikov/Library/Android/sdk/ndk/26.2.11394342/toolchains/llvm/prebuilt/darwin-x86_64/bin
 "/Users/stasikiarikov/Library/Android/sdk/ndk/26.2.11394342/toolchains/llvm/prebuilt/darwin-x86_64/bin/ld.lld" --sysroot=/Users/stasikiarikov/Library/Android/sdk/ndk/26.2.11394342/toolchains/llvm/prebuilt/darwin-x86_64/sysroot -pie -EL --fix-cortex-a53-843419 -z now -z relro -z max-page-size=4096 --hash-style=both --eh-frame-hdr -m aarch64linux -dynamic-linker /system/bin/linker64 -o cmTC_73d38 /Users/stasikiarikov/Library/Android/sdk/ndk/26.2.11394342/toolchains/llvm/prebuilt/darwin-x86_64/sysroot/usr/lib/aarch64-linux-android/21/crtbegin_dynamic.o -L/Users/stasikiarikov/Library/Android/sdk/ndk/26.2.11394342/toolchains/llvm/prebuilt/darwin-x86_64/lib/clang/17/lib/linux/aarch64 -L/Users/stasikiarikov/Library/Android/sdk/ndk/26.2.11394342/toolchains/llvm/prebuilt/darwin-x86_64/sysroot/usr/lib/aarch64-linux-android/21 -L/Users/stasikiarikov/Library/Android/sdk/ndk/26.2.11394342/toolchains/llvm/prebuilt/darwin-x86_64/sysroot/usr/lib/aarch64-linux-android -L/Users/stasikiarikov/Library/Android/sdk/ndk/26.2.11394342/toolchains/llvm/prebuilt/darwin-x86_64/sysroot/usr/lib --build-id=sha1 --no-rosegment --no-undefined-version --fatal-warnings --no-undefined CMakeFiles/cmTC_73d38.dir/CMakeCCompilerABI.c.o /Users/stasikiarikov/Library/Android/sdk/ndk/26.2.11394342/toolchains/llvm/prebuilt/darwin-x86_64/lib/clang/17/lib/linux/libclang_rt.builtins-aarch64-android.a -l:libunwind.a -ldl -lc /Users/stasikiarikov/Library/Android/sdk/ndk/26.2.11394342/toolchains/llvm/prebuilt/darwin-x86_64/lib/clang/17/lib/linux/libclang_rt.builtins-aarch64-android.a -l:libunwind.a -ldl /Users/stasikiarikov/Library/Android/sdk/ndk/26.2.11394342/toolchains/llvm/prebuilt/darwin-x86_64/sysroot/usr/lib/aarch64-linux-android/21/crtend_android.o



Parsed C implicit include dir info from above output: rv=done
  found start of include info
  found start of implicit include info
    add: [/Users/stasikiarikov/Library/Android/sdk/ndk/26.2.11394342/toolchains/llvm/prebuilt/darwin-x86_64/lib/clang/17/include]
    add: [/Users/stasikiarikov/Library/Android/sdk/ndk/26.2.11394342/toolchains/llvm/prebuilt/darwin-x86_64/sysroot/usr/include/aarch64-linux-android]
    add: [/Users/stasikiarikov/Library/Android/sdk/ndk/26.2.11394342/toolchains/llvm/prebuilt/darwin-x86_64/sysroot/usr/include]
  end of search list found
  collapse include dir [/Users/stasikiarikov/Library/Android/sdk/ndk/26.2.11394342/toolchains/llvm/prebuilt/darwin-x86_64/lib/clang/17/include] ==> [/Users/stasikiarikov/Library/Android/sdk/ndk/26.2.11394342/toolchains/llvm/prebuilt/darwin-x86_64/lib/clang/17/include]
  collapse include dir [/Users/stasikiarikov/Library/Android/sdk/ndk/26.2.11394342/toolchains/llvm/prebuilt/darwin-x86_64/sysroot/usr/include/aarch64-linux-android] ==> [/Users/stasikiarikov/Library/Android/sdk/ndk/26.2.11394342/toolchains/llvm/prebuilt/darwin-x86_64/sysroot/usr/include/aarch64-linux-android]
  collapse include dir [/Users/stasikiarikov/Library/Android/sdk/ndk/26.2.11394342/toolchains/llvm/prebuilt/darwin-x86_64/sysroot/usr/include] ==> [/Users/stasikiarikov/Library/Android/sdk/ndk/26.2.11394342/toolchains/llvm/prebuilt/darwin-x86_64/sysroot/usr/include]
  implicit include dirs: [/Users/stasikiarikov/Library/Android/sdk/ndk/26.2.11394342/toolchains/llvm/prebuilt/darwin-x86_64/lib/clang/17/include;/Users/stasikiarikov/Library/Android/sdk/ndk/26.2.11394342/toolchains/llvm/prebuilt/darwin-x86_64/sysroot/usr/include/aarch64-linux-android;/Users/stasikiarikov/Library/Android/sdk/ndk/26.2.11394342/toolchains/llvm/prebuilt/darwin-x86_64/sysroot/usr/include]


Parsed C implicit link information from above output:
  link line regex: [^( *|.*[/\])(ld\.lld|CMAKE_LINK_STARTFILE-NOTFOUND|([^/\]+-)?ld|collect2)[^/\]*( |$)]
  ignore line: [Change Dir: /Users/stasikiarikov/AndroidStudioProjects/fclient/libs/mbedtls/build/arm64-v8a/CMakeFiles/CMakeTmp]
  ignore line: []
  ignore line: [Run Build Command(s):/usr/bin/make -f Makefile cmTC_73d38/fast && /Library/Developer/CommandLineTools/usr/bin/make  -f CMakeFiles/cmTC_73d38.dir/build.make CMakeFiles/cmTC_73d38.dir/build]
  ignore line: [Building C object CMakeFiles/cmTC_73d38.dir/CMakeCCompilerABI.c.o]
  ignore line: [/Users/stasikiarikov/Library/Android/sdk/ndk/26.2.11394342/toolchains/llvm/prebuilt/darwin-x86_64/bin/clang --target=aarch64-none-linux-android21 --sysroot=/Users/stasikiarikov/Library/Android/sdk/ndk/26.2.11394342/toolchains/llvm/prebuilt/darwin-x86_64/sysroot   -g -DANDROID -fdata-sections -ffunction-sections -funwind-tables -fstack-protector-strong -no-canonical-prefixes -D_FORTIFY_SOURCE=2 -Wformat   -fPIE   -v -MD -MT CMakeFiles/cmTC_73d38.dir/CMakeCCompilerABI.c.o -MF CMakeFiles/cmTC_73d38.dir/CMakeCCompilerABI.c.o.d -o CMakeFiles/cmTC_73d38.dir/CMakeCCompilerABI.c.o -c /Users/stasikiarikov/Library/Android/sdk/cmake/3.22.1/share/cmake-3.22/Modules/CMakeCCompilerABI.c]
  ignore line: [Android (11349228  +pgo  +bolt  +lto  -mlgo  based on r487747e) clang version 17.0.2 (https://android.googlesource.com/toolchain/llvm-project d9f89f4d16663d5012e5c09495f3b30ece3d2362)]
  ignore line: [Target: aarch64-none-linux-android21]
  ignore line: [Thread model: posix]
  ignore line: [InstalledDir: /Users/stasikiarikov/Library/Android/sdk/ndk/26.2.11394342/toolchains/llvm/prebuilt/darwin-x86_64/bin]
  ignore line: [ (in-process)]
  ignore line: [ "/Users/stasikiarikov/Library/Android/sdk/ndk/26.2.11394342/toolchains/llvm/prebuilt/darwin-x86_64/bin/clang" -cc1 -triple aarch64-none-linux-android21 -emit-obj -mrelax-all -disable-free -clear-ast-before-backend -disable-llvm-verifier -discard-value-names -main-file-name CMakeCCompilerABI.c -mrelocation-model pic -pic-level 2 -pic-is-pie -mframe-pointer=non-leaf -ffp-contract=on -fno-rounding-math -mconstructor-aliases -funwind-tables=2 -target-cpu generic -target-feature +neon -target-feature +v8a -target-feature +fix-cortex-a53-835769 -target-abi aapcs -mllvm -treat-scalable-fixed-error-as-warning -debug-info-kind=constructor -dwarf-version=4 -debugger-tuning=gdb -v -ffunction-sections -fdata-sections -fcoverage-compilation-dir=/Users/stasikiarikov/AndroidStudioProjects/fclient/libs/mbedtls/build/arm64-v8a/CMakeFiles/CMakeTmp -resource-dir /Users/stasikiarikov/Library/Android/sdk/ndk/26.2.11394342/toolchains/llvm/prebuilt/darwin-x86_64/lib/clang/17 -dependency-file CMakeFiles/cmTC_73d38.dir/CMakeCCompilerABI.c.o.d -MT CMakeFiles/cmTC_73d38.dir/CMakeCCompilerABI.c.o -sys-header-deps -D ANDROID -D _FORTIFY_SOURCE=2 -isysroot /Users/stasikiarikov/Library/Android/sdk/ndk/26.2.11394342/toolchains/llvm/prebuilt/darwin-x86_64/sysroot -internal-isystem /Users/stasikiarikov/Library/Android/sdk/ndk/26.2.11394342/toolchains/llvm/prebuilt/darwin-x86_64/lib/clang/17/include -internal-isystem /Users/stasikiarikov/Library/Android/sdk/ndk/26.2.11394342/toolchains/llvm/prebuilt/darwin-x86_64/sysroot/usr/local/include -internal-externc-isystem /Users/stasikiarikov/Library/Android/sdk/ndk/26.2.11394342/toolchains/llvm/prebuilt/darwin-x86_64/sysroot/usr/include/aarch64-linux-android -internal-externc-isystem /Users/stasikiarikov/Library/Android/sdk/ndk/26.2.11394342/toolchains/llvm/prebuilt/darwin-x86_64/sysroot/include -internal-externc-isystem /Users/stasikiarikov/Library/Android/sdk/ndk/26.2.11394342/toolchains/llvm/prebuilt/darwin-x86_64/sysroot/usr/include -Wformat -fdebug-compilation-dir=/Users/stasikiarikov/AndroidStudioProjects/fclient/libs/mbedtls/build/arm64-v8a/CMakeFiles/CMakeTmp -ferror-limit 19 -stack-protector 2 -fno-signed-char -fgnuc-version=4.2.1 -target-feature +outline-atomics -D__GCC_HAVE_DWARF2_CFI_ASM=1 -o CMakeFiles/cmTC_73d38.dir/CMakeCCompilerABI.c.o -x c /Users/stasikiarikov/Library/Android/sdk/cmake/3.22.1/share/cmake-3.22/Modules/CMakeCCompilerABI.c]
  ignore line: [clang -cc1 version 17.0.2 based upon LLVM 17.0.2 default target x86_64-apple-darwin22.5.0]
  ignore line: [ignoring nonexistent directory "/Users/stasikiarikov/Library/Android/sdk/ndk/26.2.11394342/toolchains/llvm/prebuilt/darwin-x86_64/sysroot/usr/local/include"]
  ignore line: [ignoring nonexistent directory "/Users/stasikiarikov/Library/Android/sdk/ndk/26.2.11394342/toolchains/llvm/prebuilt/darwin-x86_64/sysroot/include"]
  ignore line: [#include "..." search starts here:]
  ignore line: [#include <...> search starts here:]
  ignore line: [ /Users/stasikiarikov/Library/Android/sdk/ndk/26.2.11394342/toolchains/llvm/prebuilt/darwin-x86_64/lib/clang/17/include]
  ignore line: [ /Users/stasikiarikov/Library/Android/sdk/ndk/26.2.11394342/toolchains/llvm/prebuilt/darwin-x86_64/sysroot/usr/include/aarch64-linux-android]
  ignore line: [ /Users/stasikiarikov/Library/Android/sdk/ndk/26.2.11394342/toolchains/llvm/prebuilt/darwin-x86_64/sysroot/usr/include]
  ignore line: [End of search list.]
  ignore line: [Linking C executable cmTC_73d38]
  ignore line: [/Users/stasikiarikov/Library/Android/sdk/cmake/3.22.1/bin/cmake -E cmake_link_script CMakeFiles/cmTC_73d38.dir/link.txt --verbose=1]
  ignore line: [/Users/stasikiarikov/Library/Android/sdk/ndk/26.2.11394342/toolchains/llvm/prebuilt/darwin-x86_64/bin/clang --target=aarch64-none-linux-android21 --sysroot=/Users/stasikiarikov/Library/Android/sdk/ndk/26.2.11394342/toolchains/llvm/prebuilt/darwin-x86_64/sysroot -g -DANDROID -fdata-sections -ffunction-sections -funwind-tables -fstack-protector-strong -no-canonical-prefixes -D_FORTIFY_SOURCE=2 -Wformat   -static-libstdc++ -Wl --build-id=sha1 -Wl --no-rosegment -Wl --no-undefined-version -Wl --fatal-warnings -Wl --no-undefined -Qunused-arguments   -v CMakeFiles/cmTC_73d38.dir/CMakeCCompilerABI.c.o -o cmTC_73d38 ]
  ignore line: [Android (11349228  +pgo  +bolt  +lto  -mlgo  based on r487747e) clang version 17.0.2 (https://android.googlesource.com/toolchain/llvm-project d9f89f4d16663d5012e5c09495f3b30ece3d2362)]
  ignore line: [Target: aarch64-none-linux-android21]
  ignore line: [Thread model: posix]
  ignore line: [InstalledDir: /Users/stasikiarikov/Library/Android/sdk/ndk/26.2.11394342/toolchains/llvm/prebuilt/darwin-x86_64/bin]
  link line: [ "/Users/stasikiarikov/Library/Android/sdk/ndk/26.2.11394342/toolchains/llvm/prebuilt/darwin-x86_64/bin/ld.lld" --sysroot=/Users/stasikiarikov/Library/Android/sdk/ndk/26.2.11394342/toolchains/llvm/prebuilt/darwin-x86_64/sysroot -pie -EL --fix-cortex-a53-843419 -z now -z relro -z max-page-size=4096 --hash-style=both --eh-frame-hdr -m aarch64linux -dynamic-linker /system/bin/linker64 -o cmTC_73d38 /Users/stasikiarikov/Library/Android/sdk/ndk/26.2.11394342/toolchains/llvm/prebuilt/darwin-x86_64/sysroot/usr/lib/aarch64-linux-android/21/crtbegin_dynamic.o -L/Users/stasikiarikov/Library/Android/sdk/ndk/26.2.11394342/toolchains/llvm/prebuilt/darwin-x86_64/lib/clang/17/lib/linux/aarch64 -L/Users/stasikiarikov/Library/Android/sdk/ndk/26.2.11394342/toolchains/llvm/prebuilt/darwin-x86_64/sysroot/usr/lib/aarch64-linux-android/21 -L/Users/stasikiarikov/Library/Android/sdk/ndk/26.2.11394342/toolchains/llvm/prebuilt/darwin-x86_64/sysroot/usr/lib/aarch64-linux-android -L/Users/stasikiarikov/Library/Android/sdk/ndk/26.2.11394342/toolchains/llvm/prebuilt/darwin-x86_64/sysroot/usr/lib --build-id=sha1 --no-rosegment --no-undefined-version --fatal-warnings --no-undefined CMakeFiles/cmTC_73d38.dir/CMakeCCompilerABI.c.o /Users/stasikiarikov/Library/Android/sdk/ndk/26.2.11394342/toolchains/llvm/prebuilt/darwin-x86_64/lib/clang/17/lib/linux/libclang_rt.builtins-aarch64-android.a -l:libunwind.a -ldl -lc /Users/stasikiarikov/Library/Android/sdk/ndk/26.2.11394342/toolchains/llvm/prebuilt/darwin-x86_64/lib/clang/17/lib/linux/libclang_rt.builtins-aarch64-android.a -l:libunwind.a -ldl /Users/stasikiarikov/Library/Android/sdk/ndk/26.2.11394342/toolchains/llvm/prebuilt/darwin-x86_64/sysroot/usr/lib/aarch64-linux-android/21/crtend_android.o]
    arg [/Users/stasikiarikov/Library/Android/sdk/ndk/26.2.11394342/toolchains/llvm/prebuilt/darwin-x86_64/bin/ld.lld] ==> ignore
    arg [--sysroot=/Users/stasikiarikov/Library/Android/sdk/ndk/26.2.11394342/toolchains/llvm/prebuilt/darwin-x86_64/sysroot] ==> ignore
    arg [-pie] ==> ignore
    arg [-EL] ==> ignore
    arg [--fix-cortex-a53-843419] ==> ignore
    arg [-znow] ==> ignore
    arg [-zrelro] ==> ignore
    arg [-zmax-page-size=4096] ==> ignore
    arg [--hash-style=both] ==> ignore
    arg [--eh-frame-hdr] ==> ignore
    arg [-m] ==> ignore
    arg [aarch64linux] ==> ignore
    arg [-dynamic-linker] ==> ignore
    arg [/system/bin/linker64] ==> ignore
    arg [-o] ==> ignore
    arg [cmTC_73d38] ==> ignore
    arg [/Users/stasikiarikov/Library/Android/sdk/ndk/26.2.11394342/toolchains/llvm/prebuilt/darwin-x86_64/sysroot/usr/lib/aarch64-linux-android/21/crtbegin_dynamic.o] ==> obj [/Users/stasikiarikov/Library/Android/sdk/ndk/26.2.11394342/toolchains/llvm/prebuilt/darwin-x86_64/sysroot/usr/lib/aarch64-linux-android/21/crtbegin_dynamic.o]
    arg [-L/Users/stasikiarikov/Library/Android/sdk/ndk/26.2.11394342/toolchains/llvm/prebuilt/darwin-x86_64/lib/clang/17/lib/linux/aarch64] ==> dir [/Users/stasikiarikov/Library/Android/sdk/ndk/26.2.11394342/toolchains/llvm/prebuilt/darwin-x86_64/lib/clang/17/lib/linux/aarch64]
    arg [-L/Users/stasikiarikov/Library/Android/sdk/ndk/26.2.11394342/toolchains/llvm/prebuilt/darwin-x86_64/sysroot/usr/lib/aarch64-linux-android/21] ==> dir [/Users/stasikiarikov/Library/Android/sdk/ndk/26.2.11394342/toolchains/llvm/prebuilt/darwin-x86_64/sysroot/usr/lib/aarch64-linux-android/21]
    arg [-L/Users/stasikiarikov/Library/Android/sdk/ndk/26.2.11394342/toolchains/llvm/prebuilt/darwin-x86_64/sysroot/usr/lib/aarch64-linux-android] ==> dir [/Users/stasikiarikov/Library/Android/sdk/ndk/26.2.11394342/toolchains/llvm/prebuilt/darwin-x86_64/sysroot/usr/lib/aarch64-linux-android]
    arg [-L/Users/stasikiarikov/Library/Android/sdk/ndk/26.2.11394342/toolchains/llvm/prebuilt/darwin-x86_64/sysroot/usr/lib] ==> dir [/Users/stasikiarikov/Library/Android/sdk/ndk/26.2.11394342/toolchains/llvm/prebuilt/darwin-x86_64/sysroot/usr/lib]
    arg [--build-id=sha1] ==> ignore
    arg [--no-rosegment] ==> ignore
    arg [--no-undefined-version] ==> ignore
    arg [--fatal-warnings] ==> ignore
    arg [--no-undefined] ==> ignore
    arg [CMakeFiles/cmTC_73d38.dir/CMakeCCompilerABI.c.o] ==> ignore
    arg [/Users/stasikiarikov/Library/Android/sdk/ndk/26.2.11394342/toolchains/llvm/prebuilt/darwin-x86_64/lib/clang/17/lib/linux/libclang_rt.builtins-aarch64-android.a] ==> lib [/Users/stasikiarikov/Library/Android/sdk/ndk/26.2.11394342/toolchains/llvm/prebuilt/darwin-x86_64/lib/clang/17/lib/linux/libclang_rt.builtins-aarch64-android.a]
    arg [-l:libunwind.a] ==> lib [-l:libunwind.a]
    arg [-ldl] ==> lib [dl]
    arg [-lc] ==> lib [c]
    arg [/Users/stasikiarikov/Library/Android/sdk/ndk/26.2.11394342/toolchains/llvm/prebuilt/darwin-x86_64/lib/clang/17/lib/linux/libclang_rt.builtins-aarch64-android.a] ==> lib [/Users/stasikiarikov/Library/Android/sdk/ndk/26.2.11394342/toolchains/llvm/prebuilt/darwin-x86_64/lib/clang/17/lib/linux/libclang_rt.builtins-aarch64-android.a]
    arg [-l:libunwind.a] ==> lib [-l:libunwind.a]
    arg [-ldl] ==> lib [dl]
    arg [/Users/stasikiarikov/Library/Android/sdk/ndk/26.2.11394342/toolchains/llvm/prebuilt/darwin-x86_64/sysroot/usr/lib/aarch64-linux-android/21/crtend_android.o] ==> obj [/Users/stasikiarikov/Library/Android/sdk/ndk/26.2.11394342/toolchains/llvm/prebuilt/darwin-x86_64/sysroot/usr/lib/aarch64-linux-android/21/crtend_android.o]
  remove lib [/Users/stasikiarikov/Library/Android/sdk/ndk/26.2.11394342/toolchains/llvm/prebuilt/darwin-x86_64/lib/clang/17/lib/linux/libclang_rt.builtins-aarch64-android.a]
  remove lib [/Users/stasikiarikov/Library/Android/sdk/ndk/26.2.11394342/toolchains/llvm/prebuilt/darwin-x86_64/lib/clang/17/lib/linux/libclang_rt.builtins-aarch64-android.a]
  collapse library dir [/Users/stasikiarikov/Library/Android/sdk/ndk/26.2.11394342/toolchains/llvm/prebuilt/darwin-x86_64/lib/clang/17/lib/linux/aarch64] ==> [/Users/stasikiarikov/Library/Android/sdk/ndk/26.2.11394342/toolchains/llvm/prebuilt/darwin-x86_64/lib/clang/17/lib/linux/aarch64]
  collapse library dir [/Users/stasikiarikov/Library/Android/sdk/ndk/26.2.11394342/toolchains/llvm/prebuilt/darwin-x86_64/sysroot/usr/lib/aarch64-linux-android/21] ==> [/Users/stasikiarikov/Library/Android/sdk/ndk/26.2.11394342/toolchains/llvm/prebuilt/darwin-x86_64/sysroot/usr/lib/aarch64-linux-android/21]
  collapse library dir [/Users/stasikiarikov/Library/Android/sdk/ndk/26.2.11394342/toolchains/llvm/prebuilt/darwin-x86_64/sysroot/usr/lib/aarch64-linux-android] ==> [/Users/stasikiarikov/Library/Android/sdk/ndk/26.2.11394342/toolchains/llvm/prebuilt/darwin-x86_64/sysroot/usr/lib/aarch64-linux-android]
  collapse library dir [/Users/stasikiarikov/Library/Android/sdk/ndk/26.2.11394342/toolchains/llvm/prebuilt/darwin-x86_64/sysroot/usr/lib] ==> [/Users/stasikiarikov/Library/Android/sdk/ndk/26.2.11394342/toolchains/llvm/prebuilt/darwin-x86_64/sysroot/usr/lib]
  implicit libs: [-l:libunwind.a;dl;c;-l:libunwind.a;dl]
  implicit objs: [/Users/stasikiarikov/Library/Android/sdk/ndk/26.2.11394342/toolchains/llvm/prebuilt/darwin-x86_64/sysroot/usr/lib/aarch64-linux-android/21/crtbegin_dynamic.o;/Users/stasikiarikov/Library/Android/sdk/ndk/26.2.11394342/toolchains/llvm/prebuilt/darwin-x86_64/sysroot/usr/lib/aarch64-linux-android/21/crtend_android.o]
  implicit dirs: [/Users/stasikiarikov/Library/Android/sdk/ndk/26.2.11394342/toolchains/llvm/prebuilt/darwin-x86_64/lib/clang/17/lib/linux/aarch64;/Users/stasikiarikov/Library/Android/sdk/ndk/26.2.11394342/toolchains/llvm/prebuilt/darwin-x86_64/sysroot/usr/lib/aarch64-linux-android/21;/Users/stasikiarikov/Library/Android/sdk/ndk/26.2.11394342/toolchains/llvm/prebuilt/darwin-x86_64/sysroot/usr/lib/aarch64-linux-android;/Users/stasikiarikov/Library/Android/sdk/ndk/26.2.11394342/toolchains/llvm/prebuilt/darwin-x86_64/sysroot/usr/lib]
  implicit fwks: []


Determining if the include file pthread.h exists passed with the following output:
Change Dir: /Users/stasikiarikov/AndroidStudioProjects/fclient/libs/mbedtls/build/arm64-v8a/CMakeFiles/CMakeTmp

Run Build Command(s):/usr/bin/make -f Makefile cmTC_7d804/fast && /Library/Developer/CommandLineTools/usr/bin/make  -f CMakeFiles/cmTC_7d804.dir/build.make CMakeFiles/cmTC_7d804.dir/build
Building C object CMakeFiles/cmTC_7d804.dir/CheckIncludeFile.c.o
/Users/stasikiarikov/Library/Android/sdk/ndk/26.2.11394342/toolchains/llvm/prebuilt/darwin-x86_64/bin/clang --target=aarch64-none-linux-android21 --sysroot=/Users/stasikiarikov/Library/Android/sdk/ndk/26.2.11394342/toolchains/llvm/prebuilt/darwin-x86_64/sysroot   -g -DANDROID -fdata-sections -ffunction-sections -funwind-tables -fstack-protector-strong -no-canonical-prefixes -D_FORTIFY_SOURCE=2 -Wformat -Werror=format-security   -fPIE -MD -MT CMakeFiles/cmTC_7d804.dir/CheckIncludeFile.c.o -MF CMakeFiles/cmTC_7d804.dir/CheckIncludeFile.c.o.d -o CMakeFiles/cmTC_7d804.dir/CheckIncludeFile.c.o -c /Users/stasikiarikov/AndroidStudioProjects/fclient/libs/mbedtls/build/arm64-v8a/CMakeFiles/CMakeTmp/CheckIncludeFile.c
Linking C executable cmTC_7d804
/Users/stasikiarikov/Library/Android/sdk/cmake/3.22.1/bin/cmake -E cmake_link_script CMakeFiles/cmTC_7d804.dir/link.txt --verbose=1
/Users/stasikiarikov/Library/Android/sdk/ndk/26.2.11394342/toolchains/llvm/prebuilt/darwin-x86_64/bin/clang --target=aarch64-none-linux-android21 --sysroot=/Users/stasikiarikov/Library/Android/sdk/ndk/26.2.11394342/toolchains/llvm/prebuilt/darwin-x86_64/sysroot -g -DANDROID -fdata-sections -ffunction-sections -funwind-tables -fstack-protector-strong -no-canonical-prefixes -D_FORTIFY_SOURCE=2 -Wformat -Werror=format-security   -static-libstdc++ -Wl,--build-id=sha1 -Wl,--no-rosegment -Wl,--no-undefined-version -Wl,--fatal-warnings -Wl,--no-undefined -Qunused-arguments    CMakeFiles/cmTC_7d804.dir/CheckIncludeFile.c.o -o cmTC_7d804  -latomic -lm 



