Performing C++ SOURCE FILE Test CMAKE_HAVE_LIBC_PTHREAD failed with the following output:
Change Dir: /Users/stasikiarikov/AndroidStudioProjects/fclient/libs/spdlog/build/x86_64/CMakeFiles/CMakeTmp

Run Build Command(s):/usr/bin/make -f Makefile cmTC_a2c0d/fast && /Library/Developer/CommandLineTools/usr/bin/make  -f CMakeFiles/cmTC_a2c0d.dir/build.make CMakeFiles/cmTC_a2c0d.dir/build
Building CXX object CMakeFiles/cmTC_a2c0d.dir/src.cxx.o
/Users/stasikiarikov/Library/Android/sdk/ndk/26.2.11394342/toolchains/llvm/prebuilt/darwin-x86_64/bin/clang++ --target=x86_64-none-linux-android21 --sysroot=/Users/stasikiarikov/Library/Android/sdk/ndk/26.2.11394342/toolchains/llvm/prebuilt/darwin-x86_64/sysroot -DCMAKE_HAVE_LIBC_PTHREAD  -g -DANDROID -fdata-sections -ffunction-sections -funwind-tables -fstack-protector-strong -no-canonical-prefixes -D_FORTIFY_SOURCE=2 -Wformat -Werror=format-security  -DSPDLOG_COMPILED_LIB  -fPIE -std=c++11 -MD -MT CMakeFiles/cmTC_a2c0d.dir/src.cxx.o -MF CMakeFiles/cmTC_a2c0d.dir/src.cxx.o.d -o CMakeFiles/cmTC_a2c0d.dir/src.cxx.o -c /Users/stasikiarikov/AndroidStudioProjects/fclient/libs/spdlog/build/x86_64/CMakeFiles/CMakeTmp/src.cxx
/Users/stasikiarikov/AndroidStudioProjects/fclient/libs/spdlog/build/x86_64/CMakeFiles/CMakeTmp/src.cxx:13:3: error: use of undeclared identifier 'pthread_cancel'
  pthread_cancel(thread);
  ^
1 error generated.
make[1]: *** [CMakeFiles/cmTC_a2c0d.dir/src.cxx.o] Error 1
make: *** [cmTC_a2c0d/fast] Error 2


Source file was:
#include <pthread.h>

static void* test_func(void* data)
{
  return data;
}

int main(void)
{
  pthread_t thread;
  pthread_create(&thread, NULL, test_func, NULL);
  pthread_detach(thread);
  pthread_cancel(thread);
  pthread_join(thread, NULL);
  pthread_atfork(NULL, NULL, NULL);
  pthread_exit(NULL);

  return 0;
}

Determining if the function pthread_create exists in the pthreads failed with the following output:
Change Dir: /Users/stasikiarikov/AndroidStudioProjects/fclient/libs/spdlog/build/x86_64/CMakeFiles/CMakeTmp

Run Build Command(s):/usr/bin/make -f Makefile cmTC_b3c0f/fast && /Library/Developer/CommandLineTools/usr/bin/make  -f CMakeFiles/cmTC_b3c0f.dir/build.make CMakeFiles/cmTC_b3c0f.dir/build
Building CXX object CMakeFiles/cmTC_b3c0f.dir/CheckFunctionExists.cxx.o
/Users/stasikiarikov/Library/Android/sdk/ndk/26.2.11394342/toolchains/llvm/prebuilt/darwin-x86_64/bin/clang++ --target=x86_64-none-linux-android21 --sysroot=/Users/stasikiarikov/Library/Android/sdk/ndk/26.2.11394342/toolchains/llvm/prebuilt/darwin-x86_64/sysroot   -g -DANDROID -fdata-sections -ffunction-sections -funwind-tables -fstack-protector-strong -no-canonical-prefixes -D_FORTIFY_SOURCE=2 -Wformat -Werror=format-security  -DSPDLOG_COMPILED_LIB -DCHECK_FUNCTION_EXISTS=pthread_create -fPIE -std=c++11 -MD -MT CMakeFiles/cmTC_b3c0f.dir/CheckFunctionExists.cxx.o -MF CMakeFiles/cmTC_b3c0f.dir/CheckFunctionExists.cxx.o.d -o CMakeFiles/cmTC_b3c0f.dir/CheckFunctionExists.cxx.o -c /Users/stasikiarikov/AndroidStudioProjects/fclient/libs/spdlog/build/x86_64/CMakeFiles/CheckLibraryExists/CheckFunctionExists.cxx
Linking CXX executable cmTC_b3c0f
/Users/stasikiarikov/Library/Android/sdk/cmake/3.22.1/bin/cmake -E cmake_link_script CMakeFiles/cmTC_b3c0f.dir/link.txt --verbose=1
/Users/stasikiarikov/Library/Android/sdk/ndk/26.2.11394342/toolchains/llvm/prebuilt/darwin-x86_64/bin/clang++ --target=x86_64-none-linux-android21 --sysroot=/Users/stasikiarikov/Library/Android/sdk/ndk/26.2.11394342/toolchains/llvm/prebuilt/darwin-x86_64/sysroot -g -DANDROID -fdata-sections -ffunction-sections -funwind-tables -fstack-protector-strong -no-canonical-prefixes -D_FORTIFY_SOURCE=2 -Wformat -Werror=format-security  -DSPDLOG_COMPILED_LIB -DCHECK_FUNCTION_EXISTS=pthread_create -static-libstdc++ -Wl,--build-id=sha1 -Wl,--no-rosegment -Wl,--no-undefined-version -Wl,--fatal-warnings -Wl,--no-undefined -Qunused-arguments    CMakeFiles/cmTC_b3c0f.dir/CheckFunctionExists.cxx.o -o cmTC_b3c0f  -lpthreads -latomic -lm 
ld.lld: error: unable to find library -lpthreads
clang++: error: linker command failed with exit code 1 (use -v to see invocation)
make[1]: *** [cmTC_b3c0f] Error 1
make: *** [cmTC_b3c0f/fast] Error 2



Determining if the function pthread_create exists in the pthread failed with the following output:
Change Dir: /Users/stasikiarikov/AndroidStudioProjects/fclient/libs/spdlog/build/x86_64/CMakeFiles/CMakeTmp

Run Build Command(s):/usr/bin/make -f Makefile cmTC_56f83/fast && /Library/Developer/CommandLineTools/usr/bin/make  -f CMakeFiles/cmTC_56f83.dir/build.make CMakeFiles/cmTC_56f83.dir/build
Building CXX object CMakeFiles/cmTC_56f83.dir/CheckFunctionExists.cxx.o
/Users/stasikiarikov/Library/Android/sdk/ndk/26.2.11394342/toolchains/llvm/prebuilt/darwin-x86_64/bin/clang++ --target=x86_64-none-linux-android21 --sysroot=/Users/stasikiarikov/Library/Android/sdk/ndk/26.2.11394342/toolchains/llvm/prebuilt/darwin-x86_64/sysroot   -g -DANDROID -fdata-sections -ffunction-sections -funwind-tables -fstack-protector-strong -no-canonical-prefixes -D_FORTIFY_SOURCE=2 -Wformat -Werror=format-security  -DSPDLOG_COMPILED_LIB -DCHECK_FUNCTION_EXISTS=pthread_create -fPIE -std=c++11 -MD -MT CMakeFiles/cmTC_56f83.dir/CheckFunctionExists.cxx.o -MF CMakeFiles/cmTC_56f83.dir/CheckFunctionExists.cxx.o.d -o CMakeFiles/cmTC_56f83.dir/CheckFunctionExists.cxx.o -c /Users/stasikiarikov/AndroidStudioProjects/fclient/libs/spdlog/build/x86_64/CMakeFiles/CheckLibraryExists/CheckFunctionExists.cxx
Linking CXX executable cmTC_56f83
/Users/stasikiarikov/Library/Android/sdk/cmake/3.22.1/bin/cmake -E cmake_link_script CMakeFiles/cmTC_56f83.dir/link.txt --verbose=1
/Users/stasikiarikov/Library/Android/sdk/ndk/26.2.11394342/toolchains/llvm/prebuilt/darwin-x86_64/bin/clang++ --target=x86_64-none-linux-android21 --sysroot=/Users/stasikiarikov/Library/Android/sdk/ndk/26.2.11394342/toolchains/llvm/prebuilt/darwin-x86_64/sysroot -g -DANDROID -fdata-sections -ffunction-sections -funwind-tables -fstack-protector-strong -no-canonical-prefixes -D_FORTIFY_SOURCE=2 -Wformat -Werror=format-security  -DSPDLOG_COMPILED_LIB -DCHECK_FUNCTION_EXISTS=pthread_create -static-libstdc++ -Wl,--build-id=sha1 -Wl,--no-rosegment -Wl,--no-undefined-version -Wl,--fatal-warnings -Wl,--no-undefined -Qunused-arguments    CMakeFiles/cmTC_56f83.dir/CheckFunctionExists.cxx.o -o cmTC_56f83  -lpthread -latomic -lm 
ld.lld: error: unable to find library -lpthread
clang++: error: linker command failed with exit code 1 (use -v to see invocation)
make[1]: *** [cmTC_56f83] Error 1
make: *** [cmTC_56f83/fast] Error 2



