The target system is: Android - 1 - i686
The host system is: Darwin - 22.5.0 - arm64
Compiling the CXX compiler identification source file "CMakeCXXCompilerId.cpp" succeeded.
Compiler: /Users/stasikiarikov/Library/Android/sdk/ndk/26.2.11394342/toolchains/llvm/prebuilt/darwin-x86_64/bin/clang++ 
Build flags: -g;-DANDROID;-fdata-sections;-ffunction-sections;-funwind-tables;-fstack-protector-strong;-no-canonical-prefixes;-mstackrealign;-D_FORTIFY_SOURCE=2;-Wformat;-Werror=format-security;;-DSPDLOG_COMPILED_LIB
Id flags: -c;--target=i686-none-linux-android21 

The output was:
0


Compilation of the CXX compiler identification source "CMakeCXXCompilerId.cpp" produced "CMakeCXXCompilerId.o"

The CXX compiler identification is Clang, found in "/Users/stasikiarikov/AndroidStudioProjects/fclient/libs/spdlog/build/x86/CMakeFiles/3.22.1-g37088a8/CompilerIdCXX/CMakeCXXCompilerId.o"

Detecting CXX compiler ABI info compiled with the following output:
Change Dir: /Users/stasikiarikov/AndroidStudioProjects/fclient/libs/spdlog/build/x86/CMakeFiles/CMakeTmp

Run Build Command(s):/usr/bin/make -f Makefile cmTC_aa496/fast && /Library/Developer/CommandLineTools/usr/bin/make  -f CMakeFiles/cmTC_aa496.dir/build.make CMakeFiles/cmTC_aa496.dir/build
Building CXX object CMakeFiles/cmTC_aa496.dir/CMakeCXXCompilerABI.cpp.o
/Users/stasikiarikov/Library/Android/sdk/ndk/26.2.11394342/toolchains/llvm/prebuilt/darwin-x86_64/bin/clang++ --target=i686-none-linux-android21 --sysroot=/Users/stasikiarikov/Library/Android/sdk/ndk/26.2.11394342/toolchains/llvm/prebuilt/darwin-x86_64/sysroot   -g -DANDROID -fdata-sections -ffunction-sections -funwind-tables -fstack-protector-strong -no-canonical-prefixes -mstackrealign -D_FORTIFY_SOURCE=2 -Wformat  -DSPDLOG_COMPILED_LIB  -fPIE   -v -MD -MT CMakeFiles/cmTC_aa496.dir/CMakeCXXCompilerABI.cpp.o -MF CMakeFiles/cmTC_aa496.dir/CMakeCXXCompilerABI.cpp.o.d -o CMakeFiles/cmTC_aa496.dir/CMakeCXXCompilerABI.cpp.o -c /Users/stasikiarikov/Library/Android/sdk/cmake/3.22.1/share/cmake-3.22/Modules/CMakeCXXCompilerABI.cpp
Android (11349228, +pgo, +bolt, +lto, -mlgo, based on r487747e) clang version 17.0.2 (https://android.googlesource.com/toolchain/llvm-project d9f89f4d16663d5012e5c09495f3b30ece3d2362)
Target: i686-none-linux-android21
Thread model: posix
InstalledDir: /Users/stasikiarikov/Library/Android/sdk/ndk/26.2.11394342/toolchains/llvm/prebuilt/darwin-x86_64/bin
 (in-process)
 "/Users/stasikiarikov/Library/Android/sdk/ndk/26.2.11394342/toolchains/llvm/prebuilt/darwin-x86_64/bin/clang++" -cc1 -triple i686-none-linux-android21 -emit-obj -mrelax-all -disable-free -clear-ast-before-backend -disable-llvm-verifier -discard-value-names -main-file-name CMakeCXXCompilerABI.cpp -mrelocation-model pic -pic-level 2 -pic-is-pie -mframe-pointer=all -ffp-contract=on -fno-rounding-math -mconstructor-aliases -funwind-tables=2 -target-cpu i686 -target-feature +ssse3 -tune-cpu generic -mllvm -treat-scalable-fixed-error-as-warning -debug-info-kind=constructor -dwarf-version=4 -debugger-tuning=gdb -v -ffunction-sections -fdata-sections -fcoverage-compilation-dir=/Users/stasikiarikov/AndroidStudioProjects/fclient/libs/spdlog/build/x86/CMakeFiles/CMakeTmp -resource-dir /Users/stasikiarikov/Library/Android/sdk/ndk/26.2.11394342/toolchains/llvm/prebuilt/darwin-x86_64/lib/clang/17 -dependency-file CMakeFiles/cmTC_aa496.dir/CMakeCXXCompilerABI.cpp.o.d -MT CMakeFiles/cmTC_aa496.dir/CMakeCXXCompilerABI.cpp.o -sys-header-deps -D ANDROID -D _FORTIFY_SOURCE=2 -D SPDLOG_COMPILED_LIB -isysroot /Users/stasikiarikov/Library/Android/sdk/ndk/26.2.11394342/toolchains/llvm/prebuilt/darwin-x86_64/sysroot -internal-isystem /Users/stasikiarikov/Library/Android/sdk/ndk/26.2.11394342/toolchains/llvm/prebuilt/darwin-x86_64/sysroot/usr/include/c++/v1 -internal-isystem /Users/stasikiarikov/Library/Android/sdk/ndk/26.2.11394342/toolchains/llvm/prebuilt/darwin-x86_64/lib/clang/17/include -internal-isystem /Users/stasikiarikov/Library/Android/sdk/ndk/26.2.11394342/toolchains/llvm/prebuilt/darwin-x86_64/sysroot/usr/local/include -internal-externc-isystem /Users/stasikiarikov/Library/Android/sdk/ndk/26.2.11394342/toolchains/llvm/prebuilt/darwin-x86_64/sysroot/usr/include/i686-linux-android -internal-externc-isystem /Users/stasikiarikov/Library/Android/sdk/ndk/26.2.11394342/toolchains/llvm/prebuilt/darwin-x86_64/sysroot/include -internal-externc-isystem /Users/stasikiarikov/Library/Android/sdk/ndk/26.2.11394342/toolchains/llvm/prebuilt/darwin-x86_64/sysroot/usr/include -Wformat -fdeprecated-macro -fdebug-compilation-dir=/Users/stasikiarikov/AndroidStudioProjects/fclient/libs/spdlog/build/x86/CMakeFiles/CMakeTmp -ferror-limit 19 -stack-protector 2 -mstackrealign -fgnuc-version=4.2.1 -fcxx-exceptions -fexceptions -D__GCC_HAVE_DWARF2_CFI_ASM=1 -o CMakeFiles/cmTC_aa496.dir/CMakeCXXCompilerABI.cpp.o -x c++ /Users/stasikiarikov/Library/Android/sdk/cmake/3.22.1/share/cmake-3.22/Modules/CMakeCXXCompilerABI.cpp
clang -cc1 version 17.0.2 based upon LLVM 17.0.2 default target x86_64-apple-darwin22.5.0
ignoring nonexistent directory "/Users/stasikiarikov/Library/Android/sdk/ndk/26.2.11394342/toolchains/llvm/prebuilt/darwin-x86_64/sysroot/usr/local/include"
ignoring nonexistent directory "/Users/stasikiarikov/Library/Android/sdk/ndk/26.2.11394342/toolchains/llvm/prebuilt/darwin-x86_64/sysroot/include"
#include "..." search starts here:
#include <...> search starts here:
 /Users/stasikiarikov/Library/Android/sdk/ndk/26.2.11394342/toolchains/llvm/prebuilt/darwin-x86_64/sysroot/usr/include/c++/v1
 /Users/stasikiarikov/Library/Android/sdk/ndk/26.2.11394342/toolchains/llvm/prebuilt/darwin-x86_64/lib/clang/17/include
 /Users/stasikiarikov/Library/Android/sdk/ndk/26.2.11394342/toolchains/llvm/prebuilt/darwin-x86_64/sysroot/usr/include/i686-linux-android
 /Users/stasikiarikov/Library/Android/sdk/ndk/26.2.11394342/toolchains/llvm/prebuilt/darwin-x86_64/sysroot/usr/include
End of search list.
Linking CXX executable cmTC_aa496
/Users/stasikiarikov/Library/Android/sdk/cmake/3.22.1/bin/cmake -E cmake_link_script CMakeFiles/cmTC_aa496.dir/link.txt --verbose=1
/Users/stasikiarikov/Library/Android/sdk/ndk/26.2.11394342/toolchains/llvm/prebuilt/darwin-x86_64/bin/clang++ --target=i686-none-linux-android21 --sysroot=/Users/stasikiarikov/Library/Android/sdk/ndk/26.2.11394342/toolchains/llvm/prebuilt/darwin-x86_64/sysroot -g -DANDROID -fdata-sections -ffunction-sections -funwind-tables -fstack-protector-strong -no-canonical-prefixes -mstackrealign -D_FORTIFY_SOURCE=2 -Wformat  -DSPDLOG_COMPILED_LIB  -static-libstdc++ -Wl,--build-id=sha1 -Wl,--no-rosegment -Wl,--no-undefined-version -Wl,--fatal-warnings -Wl,--no-undefined -Qunused-arguments   -v CMakeFiles/cmTC_aa496.dir/CMakeCXXCompilerABI.cpp.o -o cmTC_aa496 
Android (11349228, +pgo, +bolt, +lto, -mlgo, based on r487747e) clang version 17.0.2 (https://android.googlesource.com/toolchain/llvm-project d9f89f4d16663d5012e5c09495f3b30ece3d2362)
Target: i686-none-linux-android21
Thread model: posix
InstalledDir: /Users/stasikiarikov/Library/Android/sdk/ndk/26.2.11394342/toolchains/llvm/prebuilt/darwin-x86_64/bin
 "/Users/stasikiarikov/Library/Android/sdk/ndk/26.2.11394342/toolchains/llvm/prebuilt/darwin-x86_64/bin/ld.lld" --sysroot=/Users/stasikiarikov/Library/Android/sdk/ndk/26.2.11394342/toolchains/llvm/prebuilt/darwin-x86_64/sysroot -pie -z now -z relro --hash-style=both --eh-frame-hdr -m elf_i386 -dynamic-linker /system/bin/linker -o cmTC_aa496 /Users/stasikiarikov/Library/Android/sdk/ndk/26.2.11394342/toolchains/llvm/prebuilt/darwin-x86_64/sysroot/usr/lib/i686-linux-android/21/crtbegin_dynamic.o -L/Users/stasikiarikov/Library/Android/sdk/ndk/26.2.11394342/toolchains/llvm/prebuilt/darwin-x86_64/lib/clang/17/lib/linux/i386 -L/Users/stasikiarikov/Library/Android/sdk/ndk/26.2.11394342/toolchains/llvm/prebuilt/darwin-x86_64/sysroot/usr/lib/i686-linux-android/21 -L/Users/stasikiarikov/Library/Android/sdk/ndk/26.2.11394342/toolchains/llvm/prebuilt/darwin-x86_64/sysroot/usr/lib/i686-linux-android -L/Users/stasikiarikov/Library/Android/sdk/ndk/26.2.11394342/toolchains/llvm/prebuilt/darwin-x86_64/sysroot/usr/lib --build-id=sha1 --no-rosegment --no-undefined-version --fatal-warnings --no-undefined CMakeFiles/cmTC_aa496.dir/CMakeCXXCompilerABI.cpp.o -Bstatic -lc++ -Bdynamic -lm /Users/stasikiarikov/Library/Android/sdk/ndk/26.2.11394342/toolchains/llvm/prebuilt/darwin-x86_64/lib/clang/17/lib/linux/libclang_rt.builtins-i686-android.a -l:libunwind.a -ldl -lc /Users/stasikiarikov/Library/Android/sdk/ndk/26.2.11394342/toolchains/llvm/prebuilt/darwin-x86_64/lib/clang/17/lib/linux/libclang_rt.builtins-i686-android.a -l:libunwind.a -ldl /Users/stasikiarikov/Library/Android/sdk/ndk/26.2.11394342/toolchains/llvm/prebuilt/darwin-x86_64/sysroot/usr/lib/i686-linux-android/21/crtend_android.o



Parsed CXX implicit include dir info from above output: rv=done
  found start of include info
  found start of implicit include info
    add: [/Users/stasikiarikov/Library/Android/sdk/ndk/26.2.11394342/toolchains/llvm/prebuilt/darwin-x86_64/sysroot/usr/include/c++/v1]
    add: [/Users/stasikiarikov/Library/Android/sdk/ndk/26.2.11394342/toolchains/llvm/prebuilt/darwin-x86_64/lib/clang/17/include]
    add: [/Users/stasikiarikov/Library/Android/sdk/ndk/26.2.11394342/toolchains/llvm/prebuilt/darwin-x86_64/sysroot/usr/include/i686-linux-android]
    add: [/Users/stasikiarikov/Library/Android/sdk/ndk/26.2.11394342/toolchains/llvm/prebuilt/darwin-x86_64/sysroot/usr/include]
  end of search list found
  collapse include dir [/Users/stasikiarikov/Library/Android/sdk/ndk/26.2.11394342/toolchains/llvm/prebuilt/darwin-x86_64/sysroot/usr/include/c++/v1] ==> [/Users/stasikiarikov/Library/Android/sdk/ndk/26.2.11394342/toolchains/llvm/prebuilt/darwin-x86_64/sysroot/usr/include/c++/v1]
  collapse include dir [/Users/stasikiarikov/Library/Android/sdk/ndk/26.2.11394342/toolchains/llvm/prebuilt/darwin-x86_64/lib/clang/17/include] ==> [/Users/stasikiarikov/Library/Android/sdk/ndk/26.2.11394342/toolchains/llvm/prebuilt/darwin-x86_64/lib/clang/17/include]
  collapse include dir [/Users/stasikiarikov/Library/Android/sdk/ndk/26.2.11394342/toolchains/llvm/prebuilt/darwin-x86_64/sysroot/usr/include/i686-linux-android] ==> [/Users/stasikiarikov/Library/Android/sdk/ndk/26.2.11394342/toolchains/llvm/prebuilt/darwin-x86_64/sysroot/usr/include/i686-linux-android]
  collapse include dir [/Users/stasikiarikov/Library/Android/sdk/ndk/26.2.11394342/toolchains/llvm/prebuilt/darwin-x86_64/sysroot/usr/include] ==> [/Users/stasikiarikov/Library/Android/sdk/ndk/26.2.11394342/toolchains/llvm/prebuilt/darwin-x86_64/sysroot/usr/include]
  implicit include dirs: [/Users/stasikiarikov/Library/Android/sdk/ndk/26.2.11394342/toolchains/llvm/prebuilt/darwin-x86_64/sysroot/usr/include/c++/v1;/Users/stasikiarikov/Library/Android/sdk/ndk/26.2.11394342/toolchains/llvm/prebuilt/darwin-x86_64/lib/clang/17/include;/Users/stasikiarikov/Library/Android/sdk/ndk/26.2.11394342/toolchains/llvm/prebuilt/darwin-x86_64/sysroot/usr/include/i686-linux-android;/Users/stasikiarikov/Library/Android/sdk/ndk/26.2.11394342/toolchains/llvm/prebuilt/darwin-x86_64/sysroot/usr/include]


Parsed CXX implicit link information from above output:
  link line regex: [^( *|.*[/\])(ld\.lld|CMAKE_LINK_STARTFILE-NOTFOUND|([^/\]+-)?ld|collect2)[^/\]*( |$)]
  ignore line: [Change Dir: /Users/stasikiarikov/AndroidStudioProjects/fclient/libs/spdlog/build/x86/CMakeFiles/CMakeTmp]
  ignore line: []
  ignore line: [Run Build Command(s):/usr/bin/make -f Makefile cmTC_aa496/fast && /Library/Developer/CommandLineTools/usr/bin/make  -f CMakeFiles/cmTC_aa496.dir/build.make CMakeFiles/cmTC_aa496.dir/build]
  ignore line: [Building CXX object CMakeFiles/cmTC_aa496.dir/CMakeCXXCompilerABI.cpp.o]
  ignore line: [/Users/stasikiarikov/Library/Android/sdk/ndk/26.2.11394342/toolchains/llvm/prebuilt/darwin-x86_64/bin/clang++ --target=i686-none-linux-android21 --sysroot=/Users/stasikiarikov/Library/Android/sdk/ndk/26.2.11394342/toolchains/llvm/prebuilt/darwin-x86_64/sysroot   -g -DANDROID -fdata-sections -ffunction-sections -funwind-tables -fstack-protector-strong -no-canonical-prefixes -mstackrealign -D_FORTIFY_SOURCE=2 -Wformat  -DSPDLOG_COMPILED_LIB  -fPIE   -v -MD -MT CMakeFiles/cmTC_aa496.dir/CMakeCXXCompilerABI.cpp.o -MF CMakeFiles/cmTC_aa496.dir/CMakeCXXCompilerABI.cpp.o.d -o CMakeFiles/cmTC_aa496.dir/CMakeCXXCompilerABI.cpp.o -c /Users/stasikiarikov/Library/Android/sdk/cmake/3.22.1/share/cmake-3.22/Modules/CMakeCXXCompilerABI.cpp]
  ignore line: [Android (11349228  +pgo  +bolt  +lto  -mlgo  based on r487747e) clang version 17.0.2 (https://android.googlesource.com/toolchain/llvm-project d9f89f4d16663d5012e5c09495f3b30ece3d2362)]
  ignore line: [Target: i686-none-linux-android21]
  ignore line: [Thread model: posix]
  ignore line: [InstalledDir: /Users/stasikiarikov/Library/Android/sdk/ndk/26.2.11394342/toolchains/llvm/prebuilt/darwin-x86_64/bin]
  ignore line: [ (in-process)]
  ignore line: [ "/Users/stasikiarikov/Library/Android/sdk/ndk/26.2.11394342/toolchains/llvm/prebuilt/darwin-x86_64/bin/clang++" -cc1 -triple i686-none-linux-android21 -emit-obj -mrelax-all -disable-free -clear-ast-before-backend -disable-llvm-verifier -discard-value-names -main-file-name CMakeCXXCompilerABI.cpp -mrelocation-model pic -pic-level 2 -pic-is-pie -mframe-pointer=all -ffp-contract=on -fno-rounding-math -mconstructor-aliases -funwind-tables=2 -target-cpu i686 -target-feature +ssse3 -tune-cpu generic -mllvm -treat-scalable-fixed-error-as-warning -debug-info-kind=constructor -dwarf-version=4 -debugger-tuning=gdb -v -ffunction-sections -fdata-sections -fcoverage-compilation-dir=/Users/stasikiarikov/AndroidStudioProjects/fclient/libs/spdlog/build/x86/CMakeFiles/CMakeTmp -resource-dir /Users/stasikiarikov/Library/Android/sdk/ndk/26.2.11394342/toolchains/llvm/prebuilt/darwin-x86_64/lib/clang/17 -dependency-file CMakeFiles/cmTC_aa496.dir/CMakeCXXCompilerABI.cpp.o.d -MT CMakeFiles/cmTC_aa496.dir/CMakeCXXCompilerABI.cpp.o -sys-header-deps -D ANDROID -D _FORTIFY_SOURCE=2 -D SPDLOG_COMPILED_LIB -isysroot /Users/stasikiarikov/Library/Android/sdk/ndk/26.2.11394342/toolchains/llvm/prebuilt/darwin-x86_64/sysroot -internal-isystem /Users/stasikiarikov/Library/Android/sdk/ndk/26.2.11394342/toolchains/llvm/prebuilt/darwin-x86_64/sysroot/usr/include/c++/v1 -internal-isystem /Users/stasikiarikov/Library/Android/sdk/ndk/26.2.11394342/toolchains/llvm/prebuilt/darwin-x86_64/lib/clang/17/include -internal-isystem /Users/stasikiarikov/Library/Android/sdk/ndk/26.2.11394342/toolchains/llvm/prebuilt/darwin-x86_64/sysroot/usr/local/include -internal-externc-isystem /Users/stasikiarikov/Library/Android/sdk/ndk/26.2.11394342/toolchains/llvm/prebuilt/darwin-x86_64/sysroot/usr/include/i686-linux-android -internal-externc-isystem /Users/stasikiarikov/Library/Android/sdk/ndk/26.2.11394342/toolchains/llvm/prebuilt/darwin-x86_64/sysroot/include -internal-externc-isystem /Users/stasikiarikov/Library/Android/sdk/ndk/26.2.11394342/toolchains/llvm/prebuilt/darwin-x86_64/sysroot/usr/include -Wformat -fdeprecated-macro -fdebug-compilation-dir=/Users/stasikiarikov/AndroidStudioProjects/fclient/libs/spdlog/build/x86/CMakeFiles/CMakeTmp -ferror-limit 19 -stack-protector 2 -mstackrealign -fgnuc-version=4.2.1 -fcxx-exceptions -fexceptions -D__GCC_HAVE_DWARF2_CFI_ASM=1 -o CMakeFiles/cmTC_aa496.dir/CMakeCXXCompilerABI.cpp.o -x c++ /Users/stasikiarikov/Library/Android/sdk/cmake/3.22.1/share/cmake-3.22/Modules/CMakeCXXCompilerABI.cpp]
  ignore line: [clang -cc1 version 17.0.2 based upon LLVM 17.0.2 default target x86_64-apple-darwin22.5.0]
  ignore line: [ignoring nonexistent directory "/Users/stasikiarikov/Library/Android/sdk/ndk/26.2.11394342/toolchains/llvm/prebuilt/darwin-x86_64/sysroot/usr/local/include"]
  ignore line: [ignoring nonexistent directory "/Users/stasikiarikov/Library/Android/sdk/ndk/26.2.11394342/toolchains/llvm/prebuilt/darwin-x86_64/sysroot/include"]
  ignore line: [#include "..." search starts here:]
  ignore line: [#include <...> search starts here:]
  ignore line: [ /Users/stasikiarikov/Library/Android/sdk/ndk/26.2.11394342/toolchains/llvm/prebuilt/darwin-x86_64/sysroot/usr/include/c++/v1]
  ignore line: [ /Users/stasikiarikov/Library/Android/sdk/ndk/26.2.11394342/toolchains/llvm/prebuilt/darwin-x86_64/lib/clang/17/include]
  ignore line: [ /Users/stasikiarikov/Library/Android/sdk/ndk/26.2.11394342/toolchains/llvm/prebuilt/darwin-x86_64/sysroot/usr/include/i686-linux-android]
  ignore line: [ /Users/stasikiarikov/Library/Android/sdk/ndk/26.2.11394342/toolchains/llvm/prebuilt/darwin-x86_64/sysroot/usr/include]
  ignore line: [End of search list.]
  ignore line: [Linking CXX executable cmTC_aa496]
  ignore line: [/Users/stasikiarikov/Library/Android/sdk/cmake/3.22.1/bin/cmake -E cmake_link_script CMakeFiles/cmTC_aa496.dir/link.txt --verbose=1]
  ignore line: [/Users/stasikiarikov/Library/Android/sdk/ndk/26.2.11394342/toolchains/llvm/prebuilt/darwin-x86_64/bin/clang++ --target=i686-none-linux-android21 --sysroot=/Users/stasikiarikov/Library/Android/sdk/ndk/26.2.11394342/toolchains/llvm/prebuilt/darwin-x86_64/sysroot -g -DANDROID -fdata-sections -ffunction-sections -funwind-tables -fstack-protector-strong -no-canonical-prefixes -mstackrealign -D_FORTIFY_SOURCE=2 -Wformat  -DSPDLOG_COMPILED_LIB  -static-libstdc++ -Wl --build-id=sha1 -Wl --no-rosegment -Wl --no-undefined-version -Wl --fatal-warnings -Wl --no-undefined -Qunused-arguments   -v CMakeFiles/cmTC_aa496.dir/CMakeCXXCompilerABI.cpp.o -o cmTC_aa496 ]
  ignore line: [Android (11349228  +pgo  +bolt  +lto  -mlgo  based on r487747e) clang version 17.0.2 (https://android.googlesource.com/toolchain/llvm-project d9f89f4d16663d5012e5c09495f3b30ece3d2362)]
  ignore line: [Target: i686-none-linux-android21]
  ignore line: [Thread model: posix]
  ignore line: [InstalledDir: /Users/stasikiarikov/Library/Android/sdk/ndk/26.2.11394342/toolchains/llvm/prebuilt/darwin-x86_64/bin]
  link line: [ "/Users/stasikiarikov/Library/Android/sdk/ndk/26.2.11394342/toolchains/llvm/prebuilt/darwin-x86_64/bin/ld.lld" --sysroot=/Users/stasikiarikov/Library/Android/sdk/ndk/26.2.11394342/toolchains/llvm/prebuilt/darwin-x86_64/sysroot -pie -z now -z relro --hash-style=both --eh-frame-hdr -m elf_i386 -dynamic-linker /system/bin/linker -o cmTC_aa496 /Users/stasikiarikov/Library/Android/sdk/ndk/26.2.11394342/toolchains/llvm/prebuilt/darwin-x86_64/sysroot/usr/lib/i686-linux-android/21/crtbegin_dynamic.o -L/Users/stasikiarikov/Library/Android/sdk/ndk/26.2.11394342/toolchains/llvm/prebuilt/darwin-x86_64/lib/clang/17/lib/linux/i386 -L/Users/stasikiarikov/Library/Android/sdk/ndk/26.2.11394342/toolchains/llvm/prebuilt/darwin-x86_64/sysroot/usr/lib/i686-linux-android/21 -L/Users/stasikiarikov/Library/Android/sdk/ndk/26.2.11394342/toolchains/llvm/prebuilt/darwin-x86_64/sysroot/usr/lib/i686-linux-android -L/Users/stasikiarikov/Library/Android/sdk/ndk/26.2.11394342/toolchains/llvm/prebuilt/darwin-x86_64/sysroot/usr/lib --build-id=sha1 --no-rosegment --no-undefined-version --fatal-warnings --no-undefined CMakeFiles/cmTC_aa496.dir/CMakeCXXCompilerABI.cpp.o -Bstatic -lc++ -Bdynamic -lm /Users/stasikiarikov/Library/Android/sdk/ndk/26.2.11394342/toolchains/llvm/prebuilt/darwin-x86_64/lib/clang/17/lib/linux/libclang_rt.builtins-i686-android.a -l:libunwind.a -ldl -lc /Users/stasikiarikov/Library/Android/sdk/ndk/26.2.11394342/toolchains/llvm/prebuilt/darwin-x86_64/lib/clang/17/lib/linux/libclang_rt.builtins-i686-android.a -l:libunwind.a -ldl /Users/stasikiarikov/Library/Android/sdk/ndk/26.2.11394342/toolchains/llvm/prebuilt/darwin-x86_64/sysroot/usr/lib/i686-linux-android/21/crtend_android.o]
    arg [/Users/stasikiarikov/Library/Android/sdk/ndk/26.2.11394342/toolchains/llvm/prebuilt/darwin-x86_64/bin/ld.lld] ==> ignore
    arg [--sysroot=/Users/stasikiarikov/Library/Android/sdk/ndk/26.2.11394342/toolchains/llvm/prebuilt/darwin-x86_64/sysroot] ==> ignore
    arg [-pie] ==> ignore
    arg [-znow] ==> ignore
    arg [-zrelro] ==> ignore
    arg [--hash-style=both] ==> ignore
    arg [--eh-frame-hdr] ==> ignore
    arg [-m] ==> ignore
    arg [elf_i386] ==> ignore
    arg [-dynamic-linker] ==> ignore
    arg [/system/bin/linker] ==> ignore
    arg [-o] ==> ignore
    arg [cmTC_aa496] ==> ignore
    arg [/Users/stasikiarikov/Library/Android/sdk/ndk/26.2.11394342/toolchains/llvm/prebuilt/darwin-x86_64/sysroot/usr/lib/i686-linux-android/21/crtbegin_dynamic.o] ==> obj [/Users/stasikiarikov/Library/Android/sdk/ndk/26.2.11394342/toolchains/llvm/prebuilt/darwin-x86_64/sysroot/usr/lib/i686-linux-android/21/crtbegin_dynamic.o]
    arg [-L/Users/stasikiarikov/Library/Android/sdk/ndk/26.2.11394342/toolchains/llvm/prebuilt/darwin-x86_64/lib/clang/17/lib/linux/i386] ==> dir [/Users/stasikiarikov/Library/Android/sdk/ndk/26.2.11394342/toolchains/llvm/prebuilt/darwin-x86_64/lib/clang/17/lib/linux/i386]
    arg [-L/Users/stasikiarikov/Library/Android/sdk/ndk/26.2.11394342/toolchains/llvm/prebuilt/darwin-x86_64/sysroot/usr/lib/i686-linux-android/21] ==> dir [/Users/stasikiarikov/Library/Android/sdk/ndk/26.2.11394342/toolchains/llvm/prebuilt/darwin-x86_64/sysroot/usr/lib/i686-linux-android/21]
    arg [-L/Users/stasikiarikov/Library/Android/sdk/ndk/26.2.11394342/toolchains/llvm/prebuilt/darwin-x86_64/sysroot/usr/lib/i686-linux-android] ==> dir [/Users/stasikiarikov/Library/Android/sdk/ndk/26.2.11394342/toolchains/llvm/prebuilt/darwin-x86_64/sysroot/usr/lib/i686-linux-android]
    arg [-L/Users/stasikiarikov/Library/Android/sdk/ndk/26.2.11394342/toolchains/llvm/prebuilt/darwin-x86_64/sysroot/usr/lib] ==> dir [/Users/stasikiarikov/Library/Android/sdk/ndk/26.2.11394342/toolchains/llvm/prebuilt/darwin-x86_64/sysroot/usr/lib]
    arg [--build-id=sha1] ==> ignore
    arg [--no-rosegment] ==> ignore
    arg [--no-undefined-version] ==> ignore
    arg [--fatal-warnings] ==> ignore
    arg [--no-undefined] ==> ignore
    arg [CMakeFiles/cmTC_aa496.dir/CMakeCXXCompilerABI.cpp.o] ==> ignore
    arg [-Bstatic] ==> search static
    arg [-lc++] ==> lib [c++]
    arg [-Bdynamic] ==> search dynamic
    arg [-lm] ==> lib [m]
    arg [/Users/stasikiarikov/Library/Android/sdk/ndk/26.2.11394342/toolchains/llvm/prebuilt/darwin-x86_64/lib/clang/17/lib/linux/libclang_rt.builtins-i686-android.a] ==> lib [/Users/stasikiarikov/Library/Android/sdk/ndk/26.2.11394342/toolchains/llvm/prebuilt/darwin-x86_64/lib/clang/17/lib/linux/libclang_rt.builtins-i686-android.a]
    arg [-l:libunwind.a] ==> lib [-l:libunwind.a]
    arg [-ldl] ==> lib [dl]
    arg [-lc] ==> lib [c]
    arg [/Users/stasikiarikov/Library/Android/sdk/ndk/26.2.11394342/toolchains/llvm/prebuilt/darwin-x86_64/lib/clang/17/lib/linux/libclang_rt.builtins-i686-android.a] ==> lib [/Users/stasikiarikov/Library/Android/sdk/ndk/26.2.11394342/toolchains/llvm/prebuilt/darwin-x86_64/lib/clang/17/lib/linux/libclang_rt.builtins-i686-android.a]
    arg [-l:libunwind.a] ==> lib [-l:libunwind.a]
    arg [-ldl] ==> lib [dl]
    arg [/Users/stasikiarikov/Library/Android/sdk/ndk/26.2.11394342/toolchains/llvm/prebuilt/darwin-x86_64/sysroot/usr/lib/i686-linux-android/21/crtend_android.o] ==> obj [/Users/stasikiarikov/Library/Android/sdk/ndk/26.2.11394342/toolchains/llvm/prebuilt/darwin-x86_64/sysroot/usr/lib/i686-linux-android/21/crtend_android.o]
  remove lib [/Users/stasikiarikov/Library/Android/sdk/ndk/26.2.11394342/toolchains/llvm/prebuilt/darwin-x86_64/lib/clang/17/lib/linux/libclang_rt.builtins-i686-android.a]
  remove lib [/Users/stasikiarikov/Library/Android/sdk/ndk/26.2.11394342/toolchains/llvm/prebuilt/darwin-x86_64/lib/clang/17/lib/linux/libclang_rt.builtins-i686-android.a]
  collapse library dir [/Users/stasikiarikov/Library/Android/sdk/ndk/26.2.11394342/toolchains/llvm/prebuilt/darwin-x86_64/lib/clang/17/lib/linux/i386] ==> [/Users/stasikiarikov/Library/Android/sdk/ndk/26.2.11394342/toolchains/llvm/prebuilt/darwin-x86_64/lib/clang/17/lib/linux/i386]
  collapse library dir [/Users/stasikiarikov/Library/Android/sdk/ndk/26.2.11394342/toolchains/llvm/prebuilt/darwin-x86_64/sysroot/usr/lib/i686-linux-android/21] ==> [/Users/stasikiarikov/Library/Android/sdk/ndk/26.2.11394342/toolchains/llvm/prebuilt/darwin-x86_64/sysroot/usr/lib/i686-linux-android/21]
  collapse library dir [/Users/stasikiarikov/Library/Android/sdk/ndk/26.2.11394342/toolchains/llvm/prebuilt/darwin-x86_64/sysroot/usr/lib/i686-linux-android] ==> [/Users/stasikiarikov/Library/Android/sdk/ndk/26.2.11394342/toolchains/llvm/prebuilt/darwin-x86_64/sysroot/usr/lib/i686-linux-android]
  collapse library dir [/Users/stasikiarikov/Library/Android/sdk/ndk/26.2.11394342/toolchains/llvm/prebuilt/darwin-x86_64/sysroot/usr/lib] ==> [/Users/stasikiarikov/Library/Android/sdk/ndk/26.2.11394342/toolchains/llvm/prebuilt/darwin-x86_64/sysroot/usr/lib]
  implicit libs: [c++;m;-l:libunwind.a;dl;c;-l:libunwind.a;dl]
  implicit objs: [/Users/stasikiarikov/Library/Android/sdk/ndk/26.2.11394342/toolchains/llvm/prebuilt/darwin-x86_64/sysroot/usr/lib/i686-linux-android/21/crtbegin_dynamic.o;/Users/stasikiarikov/Library/Android/sdk/ndk/26.2.11394342/toolchains/llvm/prebuilt/darwin-x86_64/sysroot/usr/lib/i686-linux-android/21/crtend_android.o]
  implicit dirs: [/Users/stasikiarikov/Library/Android/sdk/ndk/26.2.11394342/toolchains/llvm/prebuilt/darwin-x86_64/lib/clang/17/lib/linux/i386;/Users/stasikiarikov/Library/Android/sdk/ndk/26.2.11394342/toolchains/llvm/prebuilt/darwin-x86_64/sysroot/usr/lib/i686-linux-android/21;/Users/stasikiarikov/Library/Android/sdk/ndk/26.2.11394342/toolchains/llvm/prebuilt/darwin-x86_64/sysroot/usr/lib/i686-linux-android;/Users/stasikiarikov/Library/Android/sdk/ndk/26.2.11394342/toolchains/llvm/prebuilt/darwin-x86_64/sysroot/usr/lib]
  implicit fwks: []


Determining if the include file pthread.h exists passed with the following output:
Change Dir: /Users/stasikiarikov/AndroidStudioProjects/fclient/libs/spdlog/build/x86/CMakeFiles/CMakeTmp

Run Build Command(s):/usr/bin/make -f Makefile cmTC_99cde/fast && /Library/Developer/CommandLineTools/usr/bin/make  -f CMakeFiles/cmTC_99cde.dir/build.make CMakeFiles/cmTC_99cde.dir/build
Building CXX object CMakeFiles/cmTC_99cde.dir/CheckIncludeFile.cxx.o
/Users/stasikiarikov/Library/Android/sdk/ndk/26.2.11394342/toolchains/llvm/prebuilt/darwin-x86_64/bin/clang++ --target=i686-none-linux-android21 --sysroot=/Users/stasikiarikov/Library/Android/sdk/ndk/26.2.11394342/toolchains/llvm/prebuilt/darwin-x86_64/sysroot   -g -DANDROID -fdata-sections -ffunction-sections -funwind-tables -fstack-protector-strong -no-canonical-prefixes -mstackrealign -D_FORTIFY_SOURCE=2 -Wformat -Werror=format-security  -DSPDLOG_COMPILED_LIB  -fPIE -std=c++11 -MD -MT CMakeFiles/cmTC_99cde.dir/CheckIncludeFile.cxx.o -MF CMakeFiles/cmTC_99cde.dir/CheckIncludeFile.cxx.o.d -o CMakeFiles/cmTC_99cde.dir/CheckIncludeFile.cxx.o -c /Users/stasikiarikov/AndroidStudioProjects/fclient/libs/spdlog/build/x86/CMakeFiles/CMakeTmp/CheckIncludeFile.cxx
Linking CXX executable cmTC_99cde
/Users/stasikiarikov/Library/Android/sdk/cmake/3.22.1/bin/cmake -E cmake_link_script CMakeFiles/cmTC_99cde.dir/link.txt --verbose=1
/Users/stasikiarikov/Library/Android/sdk/ndk/26.2.11394342/toolchains/llvm/prebuilt/darwin-x86_64/bin/clang++ --target=i686-none-linux-android21 --sysroot=/Users/stasikiarikov/Library/Android/sdk/ndk/26.2.11394342/toolchains/llvm/prebuilt/darwin-x86_64/sysroot -g -DANDROID -fdata-sections -ffunction-sections -funwind-tables -fstack-protector-strong -no-canonical-prefixes -mstackrealign -D_FORTIFY_SOURCE=2 -Wformat -Werror=format-security  -DSPDLOG_COMPILED_LIB  -static-libstdc++ -Wl,--build-id=sha1 -Wl,--no-rosegment -Wl,--no-undefined-version -Wl,--fatal-warnings -Wl,--no-undefined -Qunused-arguments    CMakeFiles/cmTC_99cde.dir/CheckIncludeFile.cxx.o -o cmTC_99cde  -latomic -lm 



